[19:02:13] [main/INFO]: Environment: authHost='https://authserver.mojang.com', accountsHost='https://api.mojang.com', sessionHost='https://sessionserver.mojang.com', servicesHost='https://api.minecraftservices.com', name='PROD'
[19:02:13] [main/INFO]: Found new data pack file/bukkit, loading it automatically
[19:02:13] [main/INFO]: Reloading ResourceManager: Default, bukkit
[19:02:13] [Worker-Main-2/INFO]: Loaded 7 recipes
[19:02:15] [Server thread/INFO]: Starting minecraft server version 1.16.5
[19:02:15] [Server thread/INFO]: Loading properties
[19:02:15] [Server thread/INFO]: This server is running Paper version git-Paper-794 (MC: 1.16.5) (Implementing API version 1.16.5-R0.1-SNAPSHOT)
[19:02:15] [Server thread/INFO]: Debug logging is disabled
[19:02:15] [Server thread/INFO]: Server Ping Player Sample Count: 12
[19:02:15] [Server thread/INFO]: Using 4 threads for Netty based IO
[19:02:15] [Server thread/INFO]: Default game type: SURVIVAL
[19:02:15] [Server thread/INFO]: Generating keypair
[19:02:15] [Server thread/INFO]: Starting Minecraft server on *:25565
[19:02:15] [Server thread/INFO]: Using epoll channel type
[19:02:15] [Server thread/INFO]: [WorldEdit] Loading WorldEdit v7.2.5+57d5ac9
[19:02:16] [Server thread/INFO]: Got request to register class com.sk89q.worldedit.bukkit.BukkitServerInterface with WorldEdit [com.sk89q.worldedit.extension.platform.PlatformManager@194cfba5]
[19:02:16] [Server thread/INFO]: [WorldBorder] Loading WorldBorder v1.2
[19:02:16] [Server thread/INFO]: Server permissions file permissions.yml is empty, ignoring it
[19:02:16] [Server thread/INFO]: [WorldEdit] Enabling WorldEdit v7.2.5+57d5ac9
[19:02:16] [Server thread/INFO]: WEPIF: Updated config file
[19:02:16] [Server thread/INFO]: WEPIF: Using the Bukkit Permissions API.
[19:02:16] [Server thread/INFO]: Using com.sk89q.worldedit.bukkit.adapter.impl.Spigot_v1_16_R3 as the Bukkit adapter
[19:02:16] [Server thread/INFO]: [WorldEdit] Default configuration file written: config.yml
[19:02:17] [Server thread/WARN]: **** SERVER IS RUNNING IN OFFLINE/INSECURE MODE!
[19:02:17] [Server thread/WARN]: The server will make no attempt to authenticate usernames. Beware.
[19:02:17] [Server thread/WARN]: While this makes the game possible to play without internet access, it also opens up the ability for hackers to connect with any username they choose.
[19:02:17] [Server thread/WARN]: To change this, set "online-mode" to "true" in the server.properties file.
[19:02:17] [Server thread/INFO]: Preparing level "world"
[19:02:17] [Server thread/INFO]: Registering commands with com.sk89q.worldedit.bukkit.BukkitServerInterface
[19:02:20] [Server thread/WARN]: Unable to find spawn biome
[19:02:21] [Server thread/INFO]: Preparing start region for dimension minecraft:overworld
[19:02:21] [Worker-Main-2/INFO]: Preparing spawn area: 0%
[19:02:21] [Server thread/INFO]: Time elapsed: 466 ms
[19:02:21] [Server thread/INFO]: Preparing start region for dimension minecraft:the_end
[19:02:21] [Worker-Main-2/INFO]: Preparing spawn area: 0%
[19:02:22] [Server thread/INFO]: Time elapsed: 514 ms
[19:02:22] [Server thread/INFO]: [WorldBorder] Enabling WorldBorder v1.2
[19:02:22] [Server thread/INFO]: Starting GS4 status listener
[19:02:22] [Server thread/INFO]: Thread Query Listener started
[19:02:22] [Query Listener #1/INFO]: Query running on 0.0.0.0:25565
[19:02:22] [Server thread/INFO]: Running delayed init tasks
[19:02:22] [Server thread/INFO]: Done (7.346s)! For help, type "help"
[19:02:22] [Server thread/WARN]: [io.papermc.paper.util.PaperJvmChecker] ************************************************************
[19:02:22] [Server thread/WARN]: [io.papermc.paper.util.PaperJvmChecker] * WARNING - YOU ARE RUNNING AN OUTDATED VERSION OF JAVA.
[19:02:22] [Server thread/WARN]: [io.papermc.paper.util.PaperJvmChecker] * PAPER WILL STOP BEING COMPATIBLE WITH THIS VERSION OF
[19:02:22] [Server thread/WARN]: [io.papermc.paper.util.PaperJvmChecker] * JAVA WHEN MINECRAFT 1.17 IS RELEASED.
[19:02:22] [Server thread/WARN]: [io.papermc.paper.util.PaperJvmChecker] *
[19:02:22] [Server thread/WARN]: [io.papermc.paper.util.PaperJvmChecker] * Please update the version of Java you use to run Paper
[19:02:22] [Server thread/WARN]: [io.papermc.paper.util.PaperJvmChecker] * to at least Java 16. When Paper for Minecraft 1.17 is
[19:02:22] [Server thread/WARN]: [io.papermc.paper.util.PaperJvmChecker] * released support for versions of Java before 16 will
[19:02:22] [Server thread/WARN]: [io.papermc.paper.util.PaperJvmChecker] * be dropped.
[19:02:22] [Server thread/WARN]: [io.papermc.paper.util.PaperJvmChecker] *
[19:02:22] [Server thread/WARN]: [io.papermc.paper.util.PaperJvmChecker] * Current Java version: 11.0.28
[19:02:22] [Server thread/WARN]: [io.papermc.paper.util.PaperJvmChecker] *
[19:02:22] [Server thread/WARN]: [io.papermc.paper.util.PaperJvmChecker] * Check this forum post for more information: 
[19:02:22] [Server thread/WARN]: [io.papermc.paper.util.PaperJvmChecker] *   https://papermc.io/java16
[19:02:22] [Server thread/WARN]: [io.papermc.paper.util.PaperJvmChecker] ************************************************************
[19:02:22] [Server thread/INFO]: Timings Reset
[19:03:31] [User Authenticator #1/INFO]: UUID of player RompOrTos is c5551972-6eb1-3fa6-b9af-c905864589e9
[19:03:31] [Server thread/INFO]: RompOrTos joined the game
[19:03:32] [Server thread/INFO]: RompOrTos[/127.49.104.71:50529] logged in with entity id 462 at ([world]234.5, 78.0, -211.5)
[19:03:57] [Server thread/INFO]: Made RompOrTos a server operator
[19:04:03] [Server thread/INFO]: RompOrTos issued server command: /gamemode creative
[19:04:03] [Server thread/INFO]: [RompOrTos: Set own game mode to Creative Mode]
[19:04:25] [Server thread/INFO]: RompOrTos issued server command: /give RompOrTos minecraft:command_block
[19:04:25] [Server thread/INFO]: [RompOrTos: Gave 1 [Command Block] to RompOrTos]
[19:06:55] [Server thread/INFO]: RompOrTos issued server command: /worldborder
[19:07:03] [Server thread/INFO]: RompOrTos issued server command: /border help
[19:07:18] [Server thread/INFO]: RompOrTos issued server command: /border list
[19:07:31] [Server thread/INFO]: RompOrTos issued server command: /worldborder:worldborder
[19:11:36] [Server thread/INFO]: RompOrTos issued server command: /worldborder center -226 -206
[19:11:53] [Server thread/INFO]: RompOrTos issued server command: /worldborder center 226 -204
[19:11:58] [Server thread/INFO]: RompOrTos issued server command: /help
